network/build/outputs/mapping/release/configuration.txt
# The proguard configuration file for the following section is release/generateReleaseLibraryProguardRules/aapt_rules.txt
# Generated by the gradle plugin

# End of content from release/generateReleaseLibraryProguardRules/aapt_rules.txt
# The proguard configuration file for the following section is default_proguard_files/global/proguard-android-optimize.txt-8.13.0
# This is a configuration file for ProGuard.
# http://proguard.sourceforge.net/index.html#manual/usage.html
#
# Starting with version 2.2 of the Android plugin for Gradle, this file is distributed together with
# the plugin and unpacked at build-time. The files in $ANDROID_HOME are no longer maintained and
# will be ignored by new version of the Android plugin for Gradle.

# Optimizations: If you don't want to optimize, use the proguard-android.txt configuration file
# instead of this one, which turns off the optimization flags.
-allowaccessmodification

# Preserve some attributes that may be required for reflection.
-keepattributes AnnotationDefault,
                EnclosingMethod,
                InnerClasses,
                RuntimeVisibleAnnotations,
                RuntimeVisibleParameterAnnotations,
                RuntimeVisibleTypeAnnotations,
                Signature

-keep public class com.google.vending.licensing.ILicensingService
-keep public class com.android.vending.licensing.ILicensingService
-keep public class com.google.android.vending.licensing.ILicensingService
-dontnote com.android.vending.licensing.ILicensingService
-dontnote com.google.vending.licensing.ILicensingService
-dontnote com.google.android.vending.licensing.ILicensingService

# For native methods, see https://www.guardsquare.com/manual/configuration/examples#native
-keepclasseswithmembernames,includedescriptorclasses class * {
    native <methods>;
}

# Keep setters in Views so that animations can still work.
-keepclassmembers public class * extends android.view.View {
    void set*(***);
    *** get*();
}

# We want to keep methods in Activity that could be used in the XML attribute onClick.
-keepclassmembers class * extends android.app.Activity {
    public void *(android.view.View);
}

# For enumeration classes, see https://www.guardsquare.com/manual/configuration/examples#enumerations
-keepclassmembers enum * {
    public static **[] values();
    public static ** valueOf(java.lang.String);
}

-keepclassmembers class * implements android.os.Parcelable {
    public static final ** CREATOR;
}

# Preserve annotated Javascript interface methods.
-keepclassmembers class * {
    @android.webkit.JavascriptInterface <methods>;
}

# The support libraries contains references to newer platform versions.
# Don't warn about those in case this app is linking against an older
# platform version. We know about them, and they are safe.
-dontnote android.support.**
-dontnote androidx.**
-dontwarn android.support.**
-dontwarn androidx.**

# Understand the @Keep support annotation.
-keep class android.support.annotation.Keep

-keep @android.support.annotation.Keep class * {*;}

-keepclasseswithmembers class * {
    @android.support.annotation.Keep <methods>;
}

-keepclasseswithmembers class * {
    @android.support.annotation.Keep <fields>;
}

-keepclasseswithmembers class * {
    @android.support.annotation.Keep <init>(...);
}

# These classes are duplicated between android.jar and org.apache.http.legacy.jar.
-dontnote org.apache.http.**
-dontnote android.net.http.**

# These classes are duplicated between android.jar and core-lambda-stubs.jar.
-dontnote java.lang.invoke.**

# End of content from default_proguard_files/global/proguard-android-optimize.txt-8.13.0
# The proguard configuration file for the following section is workspace/network/proguard-rules.pro
# Network Module ProGuard Rules
# Critical: Keep WebSocket classes for dependent modules

# ===== CRITICAL: WebSocket Command Classes =====
# These MUST be preserved for device module and other dependent modules
-keep class com.cdccreditsmart.network.websocket.** { *; }

# Specific WebSocket command classes - PREVENT R8 FROM REMOVING
-keep public class com.cdccreditsmart.network.websocket.DeviceCommand { *; }
-keep public class com.cdccreditsmart.network.websocket.DeviceCommandWrapper { *; }
-keep public class com.cdccreditsmart.network.websocket.CommandData { *; }
-keep public class com.cdccreditsmart.network.websocket.BlockCommand { *; }
-keep public class com.cdccreditsmart.network.websocket.UnblockCommand { *; }
-keep public class com.cdccreditsmart.network.websocket.UninstallCommand { *; }
-keep public class com.cdccreditsmart.network.websocket.ApkUpdateCommand { *; }
-keep public class com.cdccreditsmart.network.websocket.ApkUpdateData { *; }
-keep public class com.cdccreditsmart.network.websocket.CommandAcknowledgment { *; }

# Keep WebSocket connection and error classes
-keep public class com.cdccreditsmart.network.websocket.WebSocketConnectionStatus { *; }
-keep public class com.cdccreditsmart.network.websocket.WebSocketError { *; }

# Keep WebSocket service classes
-keep public class com.cdccreditsmart.network.websocket.DeviceCommandWebSocketService { *; }
-keep public class com.cdccreditsmart.network.websocket.FlowStatusWebSocketService { *; }

# Keep all members for WebSocket classes
-keepclassmembers class com.cdccreditsmart.network.websocket.** {
    public <init>(...);
    public *;
    protected *;
}

# Prevent obfuscation of WebSocket command types
-keepnames class com.cdccreditsmart.network.websocket.**

# Keep Moshi JSON adapters for WebSocket serialization
-keep class com.cdccreditsmart.network.websocket.**JsonAdapter { *; }
-keep class **$*JsonAdapter {
    <init>(...);
    <fields>;
}

# Keep Kotlin data class components
-keepclassmembers class com.cdccreditsmart.network.websocket.** {
    public final *;
    public static final *;
    public static final *** Companion;
}

# Ensure all WebSocket classes are accessible to dependent modules
-keep public class com.cdccreditsmart.network.websocket.** { public *; }

# Force keep all network DTOs and APIs  
-keep class com.cdccreditsmart.network.api.** { *; }
-keep class com.cdccreditsmart.network.dto.** { *; }
-keep class com.cdccreditsmart.network.error.** { *; }

# ===== FIX: StringConcatFactory Missing Class =====
# Keep StringConcatFactory for Java 9+ string concatenation optimization
-keep class java.lang.invoke.StringConcatFactory { *; }
-dontwarn java.lang.invoke.StringConcatFactory

# Keep all invoke package classes for compatibility  
-keep class java.lang.invoke.** { *; }
-dontwarn java.lang.invoke.**

# Disable string concat factory optimization if it's causing issues
-optimizations !code/simplification/string
# End of content from workspace/network/proguard-rules.pro
# The proguard configuration file for the following section is META-INF/proguard/retrofit2.pro
# Retrofit does reflection on generic parameters. InnerClasses is required to use Signature and
# EnclosingMethod is required to use InnerClasses.
-keepattributes Signature, InnerClasses, EnclosingMethod

# Retrofit does reflection on method and parameter annotations.
-keepattributes RuntimeVisibleAnnotations, RuntimeVisibleParameterAnnotations

# Keep annotation default values (e.g., retrofit2.http.Field.encoded).
-keepattributes AnnotationDefault

# Retain service method parameters when optimizing.
-keepclassmembers,allowshrinking,allowobfuscation interface * {
    @retrofit2.http.* <methods>;
}

# Ignore annotation used for build tooling.
-dontwarn org.codehaus.mojo.animal_sniffer.IgnoreJRERequirement

# Ignore JSR 305 annotations for embedding nullability information.
-dontwarn javax.annotation.**

# Guarded by a NoClassDefFoundError try/catch and only used when on the classpath.
-dontwarn kotlin.Unit

# Top-level functions that can only be used by Kotlin.
-dontwarn retrofit2.KotlinExtensions
-dontwarn retrofit2.KotlinExtensions$*

# With R8 full mode, it sees no subtypes of Retrofit interfaces since they are created with a Proxy
# and replaces all potential values with null. Explicitly keeping the interfaces prevents this.
-if interface * { @retrofit2.http.* <methods>; }
-keep,allowobfuscation interface <1>

# Keep inherited services.
-if interface * { @retrofit2.http.* <methods>; }
-keep,allowobfuscation interface * extends <1>

# With R8 full mode generic signatures are stripped for classes that are not
# kept. Suspend functions are wrapped in continuations where the type argument
# is used.
-keep,allowobfuscation,allowshrinking class kotlin.coroutines.Continuation

# R8 full mode strips generic signatures from return types if not kept.
-if interface * { @retrofit2.http.* public *** *(...); }
-keep,allowoptimization,allowshrinking,allowobfuscation class <3>

# With R8 full mode generic signatures are stripped for classes that are not kept.
-keep,allowobfuscation,allowshrinking class retrofit2.Response

# End of content from META-INF/proguard/retrofit2.pro
# The proguard configuration file for the following section is transformed/core-1.13.1/proguard.txt
# Never inline methods, but allow shrinking and obfuscation.
-keepclassmembernames,allowobfuscation,allowshrinking class androidx.core.view.ViewCompat$Api* {
  <methods>;
}
-keepclassmembernames,allowobfuscation,allowshrinking class androidx.core.view.WindowInsetsCompat$*Impl* {
  <methods>;
}
-keepclassmembernames,allowobfuscation,allowshrinking class androidx.core.app.NotificationCompat$*$Api*Impl {
  <methods>;
}
-keepclassmembernames,allowobfuscation,allowshrinking class androidx.core.os.UserHandleCompat$Api*Impl {
  <methods>;
}
-keepclassmembernames,allowobfuscation,allowshrinking class androidx.core.widget.EdgeEffectCompat$Api*Impl {
  <methods>;
}

# End of content from transformed/core-1.13.1/proguard.txt
# The proguard configuration file for the following section is com.android.tools/r8/coroutines.pro
# When editing this file, update the following files as well:
# - META-INF/proguard/coroutines.pro
# - META-INF/com.android.tools/proguard/coroutines.pro

# Most of volatile fields are updated with AFU and should not be mangled
-keepclassmembers class kotlinx.coroutines.** {
    volatile <fields>;
}

# Same story for the standard library's SafeContinuation that also uses AtomicReferenceFieldUpdater
-keepclassmembers class kotlin.coroutines.SafeContinuation {
    volatile <fields>;
}

# These classes are only required by kotlinx.coroutines.debug.AgentPremain, which is only loaded when
# kotlinx-coroutines-core is used as a Java agent, so these are not needed in contexts where ProGuard is used.
-dontwarn java.lang.instrument.ClassFileTransformer
-dontwarn sun.misc.SignalHandler
-dontwarn java.lang.instrument.Instrumentation
-dontwarn sun.misc.Signal

# Only used in `kotlinx.coroutines.internal.ExceptionsConstructor`.
# The case when it is not available is hidden in a `try`-`catch`, as well as a check for Android.
-dontwarn java.lang.ClassValue

# An annotation used for build tooling, won't be directly accessed.
-dontwarn org.codehaus.mojo.animal_sniffer.IgnoreJRERequirement
# End of content from com.android.tools/r8/coroutines.pro
# The proguard configuration file for the following section is transformed/lifecycle-runtime-2.6.2/proguard.txt
-keepattributes AnnotationDefault,
                RuntimeVisibleAnnotations,
                RuntimeVisibleParameterAnnotations,
                RuntimeVisibleTypeAnnotations

-keepclassmembers enum androidx.lifecycle.Lifecycle$Event {
    <fields>;
}

-keep !interface * implements androidx.lifecycle.LifecycleObserver {
}

-keep class * implements androidx.lifecycle.GeneratedAdapter {
    <init>(...);
}

-keepclassmembers class ** {
    @androidx.lifecycle.OnLifecycleEvent *;
}

# this rule is need to work properly when app is compiled with api 28, see b/142778206
# Also this rule prevents registerIn from being inlined.
-keepclassmembers class androidx.lifecycle.ReportFragment$LifecycleCallbacks { *; }
# End of content from transformed/lifecycle-runtime-2.6.2/proguard.txt
# The proguard configuration file for the following section is com.android.tools/r8-from-1.6.0/coroutines.pro
# Allow R8 to optimize away the FastServiceLoader.
# Together with ServiceLoader optimization in R8
# this results in direct instantiation when loading Dispatchers.Main
-assumenosideeffects class kotlinx.coroutines.internal.MainDispatcherLoader {
    boolean FAST_SERVICE_LOADER_ENABLED return false;
}

-assumenosideeffects class kotlinx.coroutines.internal.FastServiceLoaderKt {
    boolean ANDROID_DETECTED return true;
}

# Disable support for "Missing Main Dispatcher", since we always have Android main dispatcher
-assumenosideeffects class kotlinx.coroutines.internal.MainDispatchersKt {
    boolean SUPPORT_MISSING return false;
}

# Statically turn off all debugging facilities and assertions
-assumenosideeffects class kotlinx.coroutines.DebugKt {
    boolean getASSERTIONS_ENABLED() return false;
    boolean getDEBUG() return false;
    boolean getRECOVER_STACK_TRACES() return false;
}

# End of content from com.android.tools/r8-from-1.6.0/coroutines.pro
# The proguard configuration file for the following section is META-INF/proguard/moshi.pro
# JSR 305 annotations are for embedding nullability information.
-dontwarn javax.annotation.**

-keepclasseswithmembers class * {
    @com.squareup.moshi.* <methods>;
}

-keep @com.squareup.moshi.JsonQualifier @interface *

# Enum field names are used by the integrated EnumJsonAdapter.
# values() is synthesized by the Kotlin compiler and is used by EnumJsonAdapter indirectly
# Annotate enums with @JsonClass(generateAdapter = false) to use them with Moshi.
-keepclassmembers @com.squareup.moshi.JsonClass class * extends java.lang.Enum {
    <fields>;
    **[] values();
}

# Keep helper method to avoid R8 optimisation that would keep all Kotlin Metadata when unwanted
-keepclassmembers class com.squareup.moshi.internal.Util {
    private static java.lang.String getKotlinMetadataClassName();
}

# End of content from META-INF/proguard/moshi.pro
# The proguard configuration file for the following section is com.android.tools/r8-from-1.6.0/kotlin-reflect.pro
# When editing this file, update the following files as well:
# - META-INF/com.android.tools/proguard/kotlin-reflect.pro
# - META-INF/com.android.tools/r8-upto-1.6.0/kotlin-reflect.pro
# - META-INF/proguard/kotlin-reflect.pro
# Keep Metadata annotations so they can be parsed at runtime.
-keep class kotlin.Metadata { *; }

# Keep generic signatures and annotations at runtime.
# R8 requires InnerClasses and EnclosingMethod if you keepattributes Signature.
-keepattributes InnerClasses,Signature,RuntimeVisible*Annotations,EnclosingMethod

# Don't note on API calls from different JVM versions as they're gated properly at runtime.
-dontnote kotlin.internal.PlatformImplementationsKt

# Don't note on internal APIs, as there is some class relocating that shrinkers may unnecessarily find suspicious.
-dontwarn kotlin.reflect.jvm.internal.**

# Statically guarded by try-catch block and not used on Android, see CacheByClass
-dontwarn java.lang.ClassValue

# Do not even execute try-catch block for ClassValue
-assumenosideeffects class kotlin.reflect.jvm.internal.CacheByClassKt {
    boolean useClassValue return false;
}

# End of content from com.android.tools/r8-from-1.6.0/kotlin-reflect.pro
# The proguard configuration file for the following section is META-INF/proguard/okhttp3.pro
# JSR 305 annotations are for embedding nullability information.
-dontwarn javax.annotation.**

# A resource is loaded with a relative path so the package of this class must be preserved.
-keepnames class okhttp3.internal.publicsuffix.PublicSuffixDatabase

# Animal Sniffer compileOnly dependency to ensure APIs are compatible with older versions of Java.
-dontwarn org.codehaus.mojo.animal_sniffer.*

# OkHttp platform used only on JVM and when Conscrypt and other security providers are available.
-dontwarn okhttp3.internal.platform.**
-dontwarn org.conscrypt.**
-dontwarn org.bouncycastle.**
-dontwarn org.openjsse.**

# End of content from META-INF/proguard/okhttp3.pro
# The proguard configuration file for the following section is transformed/versionedparcelable-1.1.1/proguard.txt
-keep class * implements androidx.versionedparcelable.VersionedParcelable
-keep public class android.support.**Parcelizer { *; }
-keep public class androidx.**Parcelizer { *; }
-keep public class androidx.versionedparcelable.ParcelImpl

# End of content from transformed/versionedparcelable-1.1.1/proguard.txt
# The proguard configuration file for the following section is transformed/startup-runtime-1.1.1/proguard.txt
# It's important that we preserve initializer names, given they are used in the AndroidManifest.xml.
-keepnames class * extends androidx.startup.Initializer

# These Proguard rules ensures that ComponentInitializers are are neither shrunk nor obfuscated,
# and are a part of the primary dex file. This is because they are discovered and instantiated
# during application startup.
-keep class * extends androidx.startup.Initializer {
    # Keep the public no-argument constructor while allowing other methods to be optimized.
    <init>();
}

-assumenosideeffects class androidx.startup.StartupLogger { public static <methods>; }

# End of content from transformed/startup-runtime-1.1.1/proguard.txt
# The proguard configuration file for the following section is META-INF/proguard/androidx-annotations.pro
-keep,allowobfuscation @interface androidx.annotation.Keep
-keep @androidx.annotation.Keep class * {*;}

-keepclasseswithmembers class * {
    @androidx.annotation.Keep <methods>;
}

-keepclasseswithmembers class * {
    @androidx.annotation.Keep <fields>;
}

-keepclasseswithmembers class * {
    @androidx.annotation.Keep <init>(...);
}

-keepclassmembers,allowobfuscation class * {
  @androidx.annotation.DoNotInline <methods>;
}

# End of content from META-INF/proguard/androidx-annotations.pro
# The proguard configuration file for the following section is META-INF/proguard/protobuf.pro
# Recently Protobuf Javalite introduced a change that relies on reflection,
# which doesn't work with Proguard. This rule keeps the reflection usages in
# (shaded) Protobuf classes in Tink as-is.
# The location of this file is determined by
# - https://developer.android.com/studio/build/shrink-code#configuration-files
# - https://docs.bazel.build/versions/master/be/java.html#java_library.resources
# See also:
# - https://github.com/google/tink/issues/361
# - https://github.com/protocolbuffers/protobuf/issues/6463
# WARNING: the shaded package name com.google.crypto.tink.shaded.protobuf must
# be kept in sync with jar_jar_rules.txt.
-keepclassmembers class * extends com.google.crypto.tink.shaded.protobuf.GeneratedMessageLite {
  <fields>;
}

# End of content from META-INF/proguard/protobuf.pro
# The proguard configuration file for the following section is <unknown>
-keep class **.R
-keep class **.R$* {*;}
# End of content from <unknown>