network/build/outputs/mapping/release/seeds.txt
com.cdccreditsmart.network.dto.cdc.CdcDeviceStatusResponse
com.cdccreditsmart.network.dto.cdc.PermissionDenial
com.cdccreditsmart.network.error.NetworkErrorMapper
com.cdccreditsmart.network.api.ContractDeviceInfo
com.cdccreditsmart.network.api.InstallmentsResponse
com.cdccreditsmart.network.dto.cdc.StoreInfo
com.cdccreditsmart.network.api.LocationData
com.cdccreditsmart.network.error.Resource$Companion
com.cdccreditsmart.network.dto.cdc.CdcBoletoPaymentResponse
com.cdccreditsmart.network.api.BiometryApiServiceKt
com.cdccreditsmart.network.dto.cdc.TokenRefreshResponse
com.cdccreditsmart.network.dto.cdc.PaymentHistoryResponse
com.cdccreditsmart.network.dto.cdc.CdcHeartbeatRequest
com.cdccreditsmart.network.error.RateLimitException
com.cdccreditsmart.network.api.CdcDeviceAction
com.cdccreditsmart.network.api.CdcProvisioningQrResponse
com.cdccreditsmart.network.api.CdcDeviceInfo
com.cdccreditsmart.network.websocket.WebSocketError
com.cdccreditsmart.network.api.CdcLocationData
com.cdccreditsmart.network.dto.cdc.MaintenanceWindow
com.cdccreditsmart.network.api.ImeiValidationResponse
com.cdccreditsmart.network.api.DeviceSyncResponse
com.cdccreditsmart.network.dto.cdc.FeeInfo
com.cdccreditsmart.network.api.FlowProgress
com.cdccreditsmart.network.api.InstallmentInfo
com.cdccreditsmart.network.api.CdcPermissionsRequest
com.cdccreditsmart.network.api.ProvisioningQrResponse
com.cdccreditsmart.network.error.ClientException
com.cdccreditsmart.network.api.LegacyPaymentResponse
com.cdccreditsmart.network.api.CdcPixPaymentRequest
com.cdccreditsmart.network.dto.cdc.DevicePendingDecision
com.cdccreditsmart.network.api.CdcPermissionsResponse
com.cdccreditsmart.network.dto.cdc.Restriction
com.cdccreditsmart.network.api.ContractApiService$DefaultImpls
com.cdccreditsmart.network.api.UserInfo
com.cdccreditsmart.network.dto.cdc.AutoSyncResponse
com.cdccreditsmart.network.api.PaymentSummary
com.cdccreditsmart.network.api.DeviceBindingStartRequest
com.cdccreditsmart.network.api.BiometryApiService
com.cdccreditsmart.network.api.CdcPixPaymentResponse
com.cdccreditsmart.network.api.CdcUserInfo
com.cdccreditsmart.network.websocket.UninstallCommand
com.cdccreditsmart.network.api.CdcCommandsResponse
com.cdccreditsmart.network.websocket.DeviceCommandWebSocketService$Companion
com.cdccreditsmart.network.api.PaymentConfirmationRequest
com.cdccreditsmart.network.dto.cdc.PaymentMethodInfo
com.cdccreditsmart.network.api.CdcUnblockResponse
com.cdccreditsmart.network.dto.cdc.PendingDecisionsResponse
com.cdccreditsmart.network.api.ContractSyncResponse
com.cdccreditsmart.network.dto.cdc.CdcDeviceRegisterInfoRequest
com.cdccreditsmart.network.api.ImeiValidationRequest
com.cdccreditsmart.network.api.CreatePixPaymentRequest
com.cdccreditsmart.network.api.CdcHeartbeatResponse
com.cdccreditsmart.network.dto.cdc.PermissionGrant
com.cdccreditsmart.network.error.Resource
com.cdccreditsmart.network.dto.cdc.CdcDeviceSyncResponse
com.cdccreditsmart.network.dto.cdc.PaymentReceipt
com.cdccreditsmart.network.api.CdcDeviceRegisterInfoRequest
com.cdccreditsmart.network.api.LoginCredentials
com.cdccreditsmart.network.api.CdcApiService$DefaultImpls
com.cdccreditsmart.network.api.Address
com.cdccreditsmart.network.dto.cdc.DeviceUnblockRequest
com.cdccreditsmart.network.api.CdcBlockingPolicyDetail
com.cdccreditsmart.network.api.CdcDeviceRegisterInfoResponse
com.cdccreditsmart.network.api.CdcCustomerInfo
com.cdccreditsmart.network.api.DeviceAttestationStartRequest
com.cdccreditsmart.network.api.ContractData
com.cdccreditsmart.network.dto.cdc.DeviceCondition
com.cdccreditsmart.network.dto.cdc.CdcCommandResponseResponse
com.cdccreditsmart.network.error.Resource$Success
com.cdccreditsmart.network.api.ContractSignature
com.cdccreditsmart.network.api.CdcApkAuthRequest
com.cdccreditsmart.network.api.CdcApkAuthResponse
com.cdccreditsmart.network.api.DeviceUpdateRequest
com.cdccreditsmart.network.api.CdcContractInfo
com.cdccreditsmart.network.dto.cdc.CdcPendingDecision