network/build/outputs/mapping/release/mapping.txt
# compiler: R8
# compiler_version: 8.13.6
# common_typos_disable
# {"id":"com.android.tools.r8.mapping","version":"2.2"}
# pg_map_id: 852365e127a7bc2919a5fc09858dd5f08e8ce07ff8ff23f060d240dfb527def3
# pg_map_hash: SHA-256 852365e127a7bc2919a5fc09858dd5f08e8ce07ff8ff23f060d240dfb527def3
com.cdccreditsmart.network.api.Address -> com.cdccreditsmart.network.api.Address:
# {"id":"sourceFile","fileName":"ContractApiService.kt"}
    1:8:void <init>(java.lang.String,java.lang.String,java.lang.String,java.lang.String,java.lang.String,java.lang.String,java.lang.String):154:161 -> <init>
    1:1:java.lang.String getCity():159:159 -> getCity
    1:1:java.lang.String getComplement():157:157 -> getComplement
    1:1:java.lang.String getNeighborhood():158:158 -> getNeighborhood
    1:1:java.lang.String getNumber():156:156 -> getNumber
    1:1:java.lang.String getState():160:160 -> getState
    1:1:java.lang.String getStreet():155:155 -> getStreet
    1:1:java.lang.String getZipCode():161:161 -> getZipCode
    1:1:int hashCode():0:0 -> hashCode
      # {"id":"com.android.tools.r8.outlineCallsite","positions":{"1":9},"outline":"La/a;a(Ljava/lang/String;II)I"}
    2:2:int hashCode():0:0 -> hashCode
    3:3:int hashCode():0:0 -> hashCode
    4:4:int hashCode():0:0 -> hashCode
    5:5:int hashCode():0:0 -> hashCode
    6:6:int hashCode():0:0 -> hashCode
    7:7:int hashCode():0:0 -> hashCode
    8:8:int hashCode():0:0 -> hashCode
    9:9:int hashCode():0:0 -> hashCode
com.cdccreditsmart.network.api.Address$$ExternalSyntheticOutline0 -> a.a:
# {"id":"sourceFile","fileName":"R8$$SyntheticClass"}
# {"id":"com.android.tools.r8.synthesized"}
    1:1:int a.Address$$ExternalSyntheticOutline0.m(java.lang.String,int,int):0:0 -> a
      # {"id":"com.android.tools.r8.synthesized"}
      # {"id":"com.android.tools.r8.outline"}
com.cdccreditsmart.network.api.ApkAuthRequest -> com.cdccreditsmart.network.api.ApkAuthRequest:
# {"id":"sourceFile","fileName":"AuthApiService.kt"}
    1:9:void <init>(java.lang.String,int,java.lang.String,java.lang.String,java.lang.String,java.lang.String,java.lang.String,java.lang.String):180:188 -> <init>
    10:10:void <init>(java.lang.String,int,java.lang.String,java.lang.String,java.lang.String,java.lang.String,java.lang.String,java.lang.String,int,kotlin.jvm.internal.DefaultConstructorMarker):180:180 -> <init>
    1:1:java.lang.String getAndroidId():186:186 -> getAndroidId
    1:1:java.lang.String getBuildFingerprint():187:187 -> getBuildFingerprint
    1:1:java.lang.String getDeviceId():185:185 -> getDeviceId
    1:1:java.lang.String getHardwareSerial():188:188 -> getHardwareSerial
    1:1:java.lang.String getPackageName():181:181 -> getPackageName
    1:1:java.lang.String getSignature():184:184 -> getSignature
    1:1:int getVersionCode():182:182 -> getVersionCode
    1:1:java.lang.String getVersionName():183:183 -> getVersionName
    1:1:int hashCode():0:0 -> hashCode
      # {"id":"com.android.tools.r8.outlineCallsite","positions":{"1":13},"outline":"La/b;a(III)I"}
    2:2:int hashCode():0:0 -> hashCode
    3:3:int hashCode():0:0 -> hashCode
      # {"id":"com.android.tools.r8.outlineCallsite","positions":{"1":14},"outline":"La/a;a(Ljava/lang/String;II)I"}
    4:4:int hashCode():0:0 -> hashCode
    5:5:int hashCode():0:0 -> hashCode
com.cdccreditsmart.network.api.ApkAuthRequest$$ExternalSyntheticOutline0 -> a.b:
# {"id":"sourceFile","fileName":"R8$$SyntheticClass"}
# {"id":"com.android.tools.r8.synthesized"}
    1:1:int a.ApkAuthRequest$$ExternalSyntheticOutline0.m(int,int,int):0:0 -> a
      # {"id":"com.android.tools.r8.synthesized"}
      # {"id":"com.android.tools.r8.outline"}