network/build/outputs/mapping/release/usage.txt
com.cdccreditsmart.network.NetworkConstants
com.cdccreditsmart.network.client.NetworkClient$safeApiCall$2
com.cdccreditsmart.network.client.NetworkClient$safeApiCallParallel$2
com.cdccreditsmart.network.client.NetworkClient$safeApiCallUnit$2
com.cdccreditsmart.network.client.NetworkClient
com.cdccreditsmart.network.client.OkHttpClientFactory$Companion
com.cdccreditsmart.network.client.OkHttpClientFactory
com.cdccreditsmart.network.client.RetrofitFactory
com.cdccreditsmart.network.config.CertificatePinningManager$Companion
com.cdccreditsmart.network.config.CertificatePinningManager
com.cdccreditsmart.network.config.NetworkConfig$Endpoints
com.cdccreditsmart.network.config.NetworkConfig
com.cdccreditsmart.network.debug.CertificatePinningDebugHelper$Companion
com.cdccreditsmart.network.debug.CertificatePinningDebugHelper$TestResult
com.cdccreditsmart.network.debug.CertificatePinningDebugHelper$ValidationResult
com.cdccreditsmart.network.debug.CertificatePinningDebugHelper
com.cdccreditsmart.network.di.NetworkModule_DISABLED$BasicRetrofit
com.cdccreditsmart.network.di.NetworkModule_DISABLED$NetworkEncryptedPrefs
com.cdccreditsmart.network.di.NetworkModule_DISABLED$SecureRetrofit
com.cdccreditsmart.network.di.NetworkModule_DISABLED
com.cdccreditsmart.network.di.SimplifiedNetworkModule_DISABLED$BasicRetrofit
com.cdccreditsmart.network.di.SimplifiedNetworkModule_DISABLED$provideSimpleOkHttpClient$$inlined$-addInterceptor$1
com.cdccreditsmart.network.di.SimplifiedNetworkModule_DISABLED
com.cdccreditsmart.network.interceptors.CommonHeadersInterceptor$Companion
com.cdccreditsmart.network.interceptors.CommonHeadersInterceptor
com.cdccreditsmart.network.interceptors.ConnectivityDebugInterceptor$Companion
com.cdccreditsmart.network.interceptors.ConnectivityDebugInterceptor
com.cdccreditsmart.network.interceptors.DeviceSignatureInterceptor$Companion
com.cdccreditsmart.network.interceptors.DeviceSignatureInterceptor
com.cdccreditsmart.network.interceptors.IdempotencyKeyInterceptor$Companion
com.cdccreditsmart.network.interceptors.IdempotencyKeyInterceptor
com.cdccreditsmart.network.interceptors.JwtInterceptor$Companion
com.cdccreditsmart.network.interceptors.JwtInterceptor$TokenResponse
com.cdccreditsmart.network.interceptors.JwtInterceptor$intercept$refreshedRequest$1
com.cdccreditsmart.network.interceptors.JwtInterceptor
com.cdccreditsmart.network.interceptors.XClientAuthInterceptor$Companion
com.cdccreditsmart.network.interceptors.XClientAuthInterceptor$XClientCredentials
com.cdccreditsmart.network.interceptors.XClientAuthInterceptor
com.cdccreditsmart.network.security.AntiTamperingDetector$Companion
com.cdccreditsmart.network.security.AntiTamperingDetector
com.cdccreditsmart.network.security.EncryptionHelper$Companion
com.cdccreditsmart.network.security.EncryptionHelper
com.cdccreditsmart.network.security.RiskLevel
com.cdccreditsmart.network.security.SecurityIssue
com.cdccreditsmart.network.security.TamperingResult